[0.349s] Invoking command in '/home/nemo/Documents/ROS/Nautilus_concours_rasp/build/conversion_msgs': CMAKE_PREFIX_PATH=${CMAKE_PREFIX_PATH}:/home/nemo/Documents/ROS/Nautilus_concours_rasp/install/sub_teleop:/home/nemo/Documents/ROS/Nautilus_concours_rasp/install/sub_sonar:/home/nemo/Documents/ROS/Nautilus_concours_rasp/install/sub_map:/home/nemo/Documents/ROS/Nautilus_concours_rasp/install/sub_interface_arduino_py:/home/nemo/Documents/ROS/Nautilus_concours_rasp/install/sub_etat_py:/home/nemo/Documents/ROS/Nautilus_concours_rasp/install/sub_ekf:/home/nemo/Documents/ROS/Nautilus_concours_rasp/install/sub_affichage:/opt/ros/humble /usr/bin/cmake --build /home/nemo/Documents/ROS/Nautilus_concours_rasp/build/conversion_msgs -- -j4 -l4
[2.300s] Invoked command in '/home/nemo/Documents/ROS/Nautilus_concours_rasp/build/conversion_msgs' returned '0': CMAKE_PREFIX_PATH=${CMAKE_PREFIX_PATH}:/home/nemo/Documents/ROS/Nautilus_concours_rasp/install/sub_teleop:/home/nemo/Documents/ROS/Nautilus_concours_rasp/install/sub_sonar:/home/nemo/Documents/ROS/Nautilus_concours_rasp/install/sub_map:/home/nemo/Documents/ROS/Nautilus_concours_rasp/install/sub_interface_arduino_py:/home/nemo/Documents/ROS/Nautilus_concours_rasp/install/sub_etat_py:/home/nemo/Documents/ROS/Nautilus_concours_rasp/install/sub_ekf:/home/nemo/Documents/ROS/Nautilus_concours_rasp/install/sub_affichage:/opt/ros/humble /usr/bin/cmake --build /home/nemo/Documents/ROS/Nautilus_concours_rasp/build/conversion_msgs -- -j4 -l4
[4.393s] Invoking command in '/home/nemo/Documents/ROS/Nautilus_concours_rasp/build/conversion_msgs': CMAKE_PREFIX_PATH=${CMAKE_PREFIX_PATH}:/home/nemo/Documents/ROS/Nautilus_concours_rasp/install/sub_teleop:/home/nemo/Documents/ROS/Nautilus_concours_rasp/install/sub_sonar:/home/nemo/Documents/ROS/Nautilus_concours_rasp/install/sub_map:/home/nemo/Documents/ROS/Nautilus_concours_rasp/install/sub_interface_arduino_py:/home/nemo/Documents/ROS/Nautilus_concours_rasp/install/sub_etat_py:/home/nemo/Documents/ROS/Nautilus_concours_rasp/install/sub_ekf:/home/nemo/Documents/ROS/Nautilus_concours_rasp/install/sub_affichage:/opt/ros/humble /usr/bin/cmake --install /home/nemo/Documents/ROS/Nautilus_concours_rasp/build/conversion_msgs
[4.458s] -- Install configuration: ""
[4.459s] -- Up-to-date: /home/nemo/Documents/ROS/Nautilus_concours_rasp/install/conversion_msgs/share/conversion_msgs//launch
[4.461s] -- Up-to-date: /home/nemo/Documents/ROS/Nautilus_concours_rasp/install/conversion_msgs/share/conversion_msgs//launch/sub_general_launch_reel_automatic1.py
[4.467s] -- Up-to-date: /home/nemo/Documents/ROS/Nautilus_concours_rasp/install/conversion_msgs/share/conversion_msgs//launch/sub_general_launch_reel.py
[4.468s] -- Up-to-date: /home/nemo/Documents/ROS/Nautilus_concours_rasp/install/conversion_msgs/share/conversion_msgs//launch/sub_general_launch_reel_auto5.py
[4.468s] -- Up-to-date: /home/nemo/Documents/ROS/Nautilus_concours_rasp/install/conversion_msgs/share/conversion_msgs//launch/__pycache__
[4.469s] -- Up-to-date: /home/nemo/Documents/ROS/Nautilus_concours_rasp/install/conversion_msgs/share/conversion_msgs//launch/__pycache__/sub_general_launch_sim.cpython-310.pyc
[4.470s] -- Up-to-date: /home/nemo/Documents/ROS/Nautilus_concours_rasp/install/conversion_msgs/share/conversion_msgs//launch/__pycache__/sub_general_launch_reel_auto5.cpython-310.pyc
[4.472s] -- Up-to-date: /home/nemo/Documents/ROS/Nautilus_concours_rasp/install/conversion_msgs/share/conversion_msgs//launch/__pycache__/sub_general_launch.cpython-310.pyc
[4.473s] -- Up-to-date: /home/nemo/Documents/ROS/Nautilus_concours_rasp/install/conversion_msgs/share/conversion_msgs//launch/__pycache__/sub_general_launch_2.cpython-310.pyc
[4.474s] -- Up-to-date: /home/nemo/Documents/ROS/Nautilus_concours_rasp/install/conversion_msgs/share/conversion_msgs//launch/__pycache__/sub_general_launch_reel.cpython-310.pyc
[4.475s] -- Up-to-date: /home/nemo/Documents/ROS/Nautilus_concours_rasp/install/conversion_msgs/share/conversion_msgs//launch/__pycache__/sub_general_launch_reel_auto3.cpython-310.pyc
[4.475s] -- Up-to-date: /home/nemo/Documents/ROS/Nautilus_concours_rasp/install/conversion_msgs/share/conversion_msgs//launch/__pycache__/sub_general_launch_reel_automatic1.cpython-310.pyc
[4.476s] -- Up-to-date: /home/nemo/Documents/ROS/Nautilus_concours_rasp/install/conversion_msgs/share/conversion_msgs//launch/sub_general_launch_reel_auto3.py
[4.476s] -- Up-to-date: /home/nemo/Documents/ROS/Nautilus_concours_rasp/install/conversion_msgs/share/conversion_msgs//launch/sub_general_launch_reel_auto4 copy.py
[4.477s] -- Up-to-date: /home/nemo/Documents/ROS/Nautilus_concours_rasp/install/conversion_msgs/share/conversion_msgs//launch/sub_bridge_launch.py
[4.477s] -- Up-to-date: /home/nemo/Documents/ROS/Nautilus_concours_rasp/install/conversion_msgs/share/conversion_msgs//launch/sub_general_launch_sim.py
[4.478s] -- Up-to-date: /home/nemo/Documents/ROS/Nautilus_concours_rasp/install/conversion_msgs/share/conversion_msgs//launch/sub_general_launch_reel_auto2.py
[4.478s] -- Up-to-date: /home/nemo/Documents/ROS/Nautilus_concours_rasp/install/conversion_msgs/share/ament_index/resource_index/package_run_dependencies/conversion_msgs
[4.479s] -- Up-to-date: /home/nemo/Documents/ROS/Nautilus_concours_rasp/install/conversion_msgs/share/ament_index/resource_index/parent_prefix_path/conversion_msgs
[4.479s] -- Up-to-date: /home/nemo/Documents/ROS/Nautilus_concours_rasp/install/conversion_msgs/share/conversion_msgs/environment/ament_prefix_path.sh
[4.491s] -- Up-to-date: /home/nemo/Documents/ROS/Nautilus_concours_rasp/install/conversion_msgs/share/conversion_msgs/environment/ament_prefix_path.dsv
[4.492s] -- Up-to-date: /home/nemo/Documents/ROS/Nautilus_concours_rasp/install/conversion_msgs/share/conversion_msgs/environment/path.sh
[4.493s] -- Up-to-date: /home/nemo/Documents/ROS/Nautilus_concours_rasp/install/conversion_msgs/share/conversion_msgs/environment/path.dsv
[4.565s] -- Up-to-date: /home/nemo/Documents/ROS/Nautilus_concours_rasp/install/conversion_msgs/share/conversion_msgs/local_setup.bash
[4.569s] -- Up-to-date: /home/nemo/Documents/ROS/Nautilus_concours_rasp/install/conversion_msgs/share/conversion_msgs/local_setup.sh
[4.590s] -- Up-to-date: /home/nemo/Documents/ROS/Nautilus_concours_rasp/install/conversion_msgs/share/conversion_msgs/local_setup.zsh
[4.591s] -- Up-to-date: /home/nemo/Documents/ROS/Nautilus_concours_rasp/install/conversion_msgs/share/conversion_msgs/local_setup.dsv
[4.591s] -- Installing: /home/nemo/Documents/ROS/Nautilus_concours_rasp/install/conversion_msgs/share/conversion_msgs/package.dsv
[4.592s] -- Up-to-date: /home/nemo/Documents/ROS/Nautilus_concours_rasp/install/conversion_msgs/share/ament_index/resource_index/packages/conversion_msgs
[4.592s] -- Up-to-date: /home/nemo/Documents/ROS/Nautilus_concours_rasp/install/conversion_msgs/share/conversion_msgs/cmake/conversion_msgsConfig.cmake
[4.593s] -- Up-to-date: /home/nemo/Documents/ROS/Nautilus_concours_rasp/install/conversion_msgs/share/conversion_msgs/cmake/conversion_msgsConfig-version.cmake
[4.593s] -- Up-to-date: /home/nemo/Documents/ROS/Nautilus_concours_rasp/install/conversion_msgs/share/conversion_msgs/package.xml
[4.595s] Invoked command in '/home/nemo/Documents/ROS/Nautilus_concours_rasp/build/conversion_msgs' returned '0': CMAKE_PREFIX_PATH=${CMAKE_PREFIX_PATH}:/home/nemo/Documents/ROS/Nautilus_concours_rasp/install/sub_teleop:/home/nemo/Documents/ROS/Nautilus_concours_rasp/install/sub_sonar:/home/nemo/Documents/ROS/Nautilus_concours_rasp/install/sub_map:/home/nemo/Documents/ROS/Nautilus_concours_rasp/install/sub_interface_arduino_py:/home/nemo/Documents/ROS/Nautilus_concours_rasp/install/sub_etat_py:/home/nemo/Documents/ROS/Nautilus_concours_rasp/install/sub_ekf:/home/nemo/Documents/ROS/Nautilus_concours_rasp/install/sub_affichage:/opt/ros/humble /usr/bin/cmake --install /home/nemo/Documents/ROS/Nautilus_concours_rasp/build/conversion_msgs
