[0.323s] Invoking command in '/home/nemo/Documents/ROS/Nautilus_concours_rasp/build/conversion_msgs': CMAKE_PREFIX_PATH=${CMAKE_PREFIX_PATH}:/home/nemo/Documents/ROS/Nautilus_concours_rasp/install/sub_teleop:/home/nemo/Documents/ROS/Nautilus_concours_rasp/install/sub_sonar:/home/nemo/Documents/ROS/Nautilus_concours_rasp/install/sub_map:/home/nemo/Documents/ROS/Nautilus_concours_rasp/install/sub_interface_arduino_py:/home/nemo/Documents/ROS/Nautilus_concours_rasp/install/sub_etat_py:/home/nemo/Documents/ROS/Nautilus_concours_rasp/install/sub_ekf:/home/nemo/Documents/ROS/Nautilus_concours_rasp/install/sub_affichage:/opt/ros/humble /usr/bin/cmake --build /home/nemo/Documents/ROS/Nautilus_concours_rasp/build/conversion_msgs -- -j4 -l4
[2.365s] Invoked command in '/home/nemo/Documents/ROS/Nautilus_concours_rasp/build/conversion_msgs' returned '0': CMAKE_PREFIX_PATH=${CMAKE_PREFIX_PATH}:/home/nemo/Documents/ROS/Nautilus_concours_rasp/install/sub_teleop:/home/nemo/Documents/ROS/Nautilus_concours_rasp/install/sub_sonar:/home/nemo/Documents/ROS/Nautilus_concours_rasp/install/sub_map:/home/nemo/Documents/ROS/Nautilus_concours_rasp/install/sub_interface_arduino_py:/home/nemo/Documents/ROS/Nautilus_concours_rasp/install/sub_etat_py:/home/nemo/Documents/ROS/Nautilus_concours_rasp/install/sub_ekf:/home/nemo/Documents/ROS/Nautilus_concours_rasp/install/sub_affichage:/opt/ros/humble /usr/bin/cmake --build /home/nemo/Documents/ROS/Nautilus_concours_rasp/build/conversion_msgs -- -j4 -l4
[4.483s] Invoking command in '/home/nemo/Documents/ROS/Nautilus_concours_rasp/build/conversion_msgs': CMAKE_PREFIX_PATH=${CMAKE_PREFIX_PATH}:/home/nemo/Documents/ROS/Nautilus_concours_rasp/install/sub_teleop:/home/nemo/Documents/ROS/Nautilus_concours_rasp/install/sub_sonar:/home/nemo/Documents/ROS/Nautilus_concours_rasp/install/sub_map:/home/nemo/Documents/ROS/Nautilus_concours_rasp/install/sub_interface_arduino_py:/home/nemo/Documents/ROS/Nautilus_concours_rasp/install/sub_etat_py:/home/nemo/Documents/ROS/Nautilus_concours_rasp/install/sub_ekf:/home/nemo/Documents/ROS/Nautilus_concours_rasp/install/sub_affichage:/opt/ros/humble /usr/bin/cmake --install /home/nemo/Documents/ROS/Nautilus_concours_rasp/build/conversion_msgs
[4.565s] -- Install configuration: ""
[4.567s] -- Up-to-date: /home/nemo/Documents/ROS/Nautilus_concours_rasp/install/conversion_msgs/share/conversion_msgs//launch
[4.591s] -- Up-to-date: /home/nemo/Documents/ROS/Nautilus_concours_rasp/install/conversion_msgs/share/conversion_msgs//launch/sub_general_launch_reel_automatic1.py
[4.591s] -- Up-to-date: /home/nemo/Documents/ROS/Nautilus_concours_rasp/install/conversion_msgs/share/conversion_msgs//launch/sub_general_launch_reel.py
[4.592s] -- Up-to-date: /home/nemo/Documents/ROS/Nautilus_concours_rasp/install/conversion_msgs/share/conversion_msgs//launch/sub_general_launch_reel_auto5.py
[4.593s] -- Up-to-date: /home/nemo/Documents/ROS/Nautilus_concours_rasp/install/conversion_msgs/share/conversion_msgs//launch/__pycache__
[4.593s] -- Up-to-date: /home/nemo/Documents/ROS/Nautilus_concours_rasp/install/conversion_msgs/share/conversion_msgs//launch/__pycache__/sub_general_launch_sim.cpython-310.pyc
[4.602s] -- Up-to-date: /home/nemo/Documents/ROS/Nautilus_concours_rasp/install/conversion_msgs/share/conversion_msgs//launch/__pycache__/sub_general_launch_reel_auto5.cpython-310.pyc
[4.603s] -- Up-to-date: /home/nemo/Documents/ROS/Nautilus_concours_rasp/install/conversion_msgs/share/conversion_msgs//launch/__pycache__/sub_general_launch.cpython-310.pyc
[4.636s] -- Up-to-date: /home/nemo/Documents/ROS/Nautilus_concours_rasp/install/conversion_msgs/share/conversion_msgs//launch/__pycache__/sub_general_launch_2.cpython-310.pyc
[4.636s] -- Up-to-date: /home/nemo/Documents/ROS/Nautilus_concours_rasp/install/conversion_msgs/share/conversion_msgs//launch/__pycache__/sub_general_launch_reel.cpython-310.pyc
[4.637s] -- Up-to-date: /home/nemo/Documents/ROS/Nautilus_concours_rasp/install/conversion_msgs/share/conversion_msgs//launch/__pycache__/sub_general_launch_reel_auto3.cpython-310.pyc
[4.637s] -- Up-to-date: /home/nemo/Documents/ROS/Nautilus_concours_rasp/install/conversion_msgs/share/conversion_msgs//launch/__pycache__/sub_general_launch_reel_automatic1.cpython-310.pyc
[4.638s] -- Up-to-date: /home/nemo/Documents/ROS/Nautilus_concours_rasp/install/conversion_msgs/share/conversion_msgs//launch/sub_general_launch_reel_auto3.py
[4.657s] -- Up-to-date: /home/nemo/Documents/ROS/Nautilus_concours_rasp/install/conversion_msgs/share/conversion_msgs//launch/sub_general_launch_reel_auto4 copy.py
[4.658s] -- Up-to-date: /home/nemo/Documents/ROS/Nautilus_concours_rasp/install/conversion_msgs/share/conversion_msgs//launch/sub_bridge_launch.py
[4.659s] -- Up-to-date: /home/nemo/Documents/ROS/Nautilus_concours_rasp/install/conversion_msgs/share/conversion_msgs//launch/sub_general_launch_sim.py
[4.660s] -- Up-to-date: /home/nemo/Documents/ROS/Nautilus_concours_rasp/install/conversion_msgs/share/conversion_msgs//launch/sub_general_launch_reel_auto2.py
[4.660s] -- Up-to-date: /home/nemo/Documents/ROS/Nautilus_concours_rasp/install/conversion_msgs/share/ament_index/resource_index/package_run_dependencies/conversion_msgs
[4.661s] -- Up-to-date: /home/nemo/Documents/ROS/Nautilus_concours_rasp/install/conversion_msgs/share/ament_index/resource_index/parent_prefix_path/conversion_msgs
[4.661s] -- Up-to-date: /home/nemo/Documents/ROS/Nautilus_concours_rasp/install/conversion_msgs/share/conversion_msgs/environment/ament_prefix_path.sh
[4.662s] -- Up-to-date: /home/nemo/Documents/ROS/Nautilus_concours_rasp/install/conversion_msgs/share/conversion_msgs/environment/ament_prefix_path.dsv
[4.663s] -- Up-to-date: /home/nemo/Documents/ROS/Nautilus_concours_rasp/install/conversion_msgs/share/conversion_msgs/environment/path.sh
[4.663s] -- Up-to-date: /home/nemo/Documents/ROS/Nautilus_concours_rasp/install/conversion_msgs/share/conversion_msgs/environment/path.dsv
[4.664s] -- Up-to-date: /home/nemo/Documents/ROS/Nautilus_concours_rasp/install/conversion_msgs/share/conversion_msgs/local_setup.bash
[4.664s] -- Up-to-date: /home/nemo/Documents/ROS/Nautilus_concours_rasp/install/conversion_msgs/share/conversion_msgs/local_setup.sh
[4.665s] -- Up-to-date: /home/nemo/Documents/ROS/Nautilus_concours_rasp/install/conversion_msgs/share/conversion_msgs/local_setup.zsh
[4.665s] -- Up-to-date: /home/nemo/Documents/ROS/Nautilus_concours_rasp/install/conversion_msgs/share/conversion_msgs/local_setup.dsv
[4.666s] -- Installing: /home/nemo/Documents/ROS/Nautilus_concours_rasp/install/conversion_msgs/share/conversion_msgs/package.dsv
[4.696s] -- Up-to-date: /home/nemo/Documents/ROS/Nautilus_concours_rasp/install/conversion_msgs/share/ament_index/resource_index/packages/conversion_msgs
[4.696s] -- Up-to-date: /home/nemo/Documents/ROS/Nautilus_concours_rasp/install/conversion_msgs/share/conversion_msgs/cmake/conversion_msgsConfig.cmake
[4.697s] -- Up-to-date: /home/nemo/Documents/ROS/Nautilus_concours_rasp/install/conversion_msgs/share/conversion_msgs/cmake/conversion_msgsConfig-version.cmake
[4.697s] -- Up-to-date: /home/nemo/Documents/ROS/Nautilus_concours_rasp/install/conversion_msgs/share/conversion_msgs/package.xml
[4.719s] Invoked command in '/home/nemo/Documents/ROS/Nautilus_concours_rasp/build/conversion_msgs' returned '0': CMAKE_PREFIX_PATH=${CMAKE_PREFIX_PATH}:/home/nemo/Documents/ROS/Nautilus_concours_rasp/install/sub_teleop:/home/nemo/Documents/ROS/Nautilus_concours_rasp/install/sub_sonar:/home/nemo/Documents/ROS/Nautilus_concours_rasp/install/sub_map:/home/nemo/Documents/ROS/Nautilus_concours_rasp/install/sub_interface_arduino_py:/home/nemo/Documents/ROS/Nautilus_concours_rasp/install/sub_etat_py:/home/nemo/Documents/ROS/Nautilus_concours_rasp/install/sub_ekf:/home/nemo/Documents/ROS/Nautilus_concours_rasp/install/sub_affichage:/opt/ros/humble /usr/bin/cmake --install /home/nemo/Documents/ROS/Nautilus_concours_rasp/build/conversion_msgs
