-- Install configuration: ""
-- Up-to-date: /home/nemo/Documents/ROS/Nautilus_concours_rasp/install/conversion_msgs/share/conversion_msgs//launch
-- Up-to-date: /home/nemo/Documents/ROS/Nautilus_concours_rasp/install/conversion_msgs/share/conversion_msgs//launch/sub_general_launch_reel_automatic1.py
-- Up-to-date: /home/nemo/Documents/ROS/Nautilus_concours_rasp/install/conversion_msgs/share/conversion_msgs//launch/sub_general_launch_reel.py
-- Up-to-date: /home/nemo/Documents/ROS/Nautilus_concours_rasp/install/conversion_msgs/share/conversion_msgs//launch/sub_general_launch_reel_auto5.py
-- Up-to-date: /home/nemo/Documents/ROS/Nautilus_concours_rasp/install/conversion_msgs/share/conversion_msgs//launch/__pycache__
-- Up-to-date: /home/nemo/Documents/ROS/Nautilus_concours_rasp/install/conversion_msgs/share/conversion_msgs//launch/__pycache__/sub_general_launch_sim.cpython-310.pyc
-- Up-to-date: /home/nemo/Documents/ROS/Nautilus_concours_rasp/install/conversion_msgs/share/conversion_msgs//launch/__pycache__/sub_general_launch_reel_auto5.cpython-310.pyc
-- Up-to-date: /home/nemo/Documents/ROS/Nautilus_concours_rasp/install/conversion_msgs/share/conversion_msgs//launch/__pycache__/sub_general_launch.cpython-310.pyc
-- Up-to-date: /home/nemo/Documents/ROS/Nautilus_concours_rasp/install/conversion_msgs/share/conversion_msgs//launch/__pycache__/sub_general_launch_2.cpython-310.pyc
-- Up-to-date: /home/nemo/Documents/ROS/Nautilus_concours_rasp/install/conversion_msgs/share/conversion_msgs//launch/__pycache__/sub_general_launch_reel.cpython-310.pyc
-- Up-to-date: /home/nemo/Documents/ROS/Nautilus_concours_rasp/install/conversion_msgs/share/conversion_msgs//launch/__pycache__/sub_general_launch_reel_auto3.cpython-310.pyc
-- Up-to-date: /home/nemo/Documents/ROS/Nautilus_concours_rasp/install/conversion_msgs/share/conversion_msgs//launch/__pycache__/sub_general_launch_reel_automatic1.cpython-310.pyc
-- Up-to-date: /home/nemo/Documents/ROS/Nautilus_concours_rasp/install/conversion_msgs/share/conversion_msgs//launch/sub_general_launch_reel_auto3.py
-- Up-to-date: /home/nemo/Documents/ROS/Nautilus_concours_rasp/install/conversion_msgs/share/conversion_msgs//launch/sub_general_launch_reel_auto4 copy.py
-- Up-to-date: /home/nemo/Documents/ROS/Nautilus_concours_rasp/install/conversion_msgs/share/conversion_msgs//launch/sub_bridge_launch.py
-- Up-to-date: /home/nemo/Documents/ROS/Nautilus_concours_rasp/install/conversion_msgs/share/conversion_msgs//launch/sub_general_launch_sim.py
-- Up-to-date: /home/nemo/Documents/ROS/Nautilus_concours_rasp/install/conversion_msgs/share/conversion_msgs//launch/sub_general_launch_reel_auto2.py
-- Up-to-date: /home/nemo/Documents/ROS/Nautilus_concours_rasp/install/conversion_msgs/share/ament_index/resource_index/package_run_dependencies/conversion_msgs
-- Up-to-date: /home/nemo/Documents/ROS/Nautilus_concours_rasp/install/conversion_msgs/share/ament_index/resource_index/parent_prefix_path/conversion_msgs
-- Up-to-date: /home/nemo/Documents/ROS/Nautilus_concours_rasp/install/conversion_msgs/share/conversion_msgs/environment/ament_prefix_path.sh
-- Up-to-date: /home/nemo/Documents/ROS/Nautilus_concours_rasp/install/conversion_msgs/share/conversion_msgs/environment/ament_prefix_path.dsv
-- Up-to-date: /home/nemo/Documents/ROS/Nautilus_concours_rasp/install/conversion_msgs/share/conversion_msgs/environment/path.sh
-- Up-to-date: /home/nemo/Documents/ROS/Nautilus_concours_rasp/install/conversion_msgs/share/conversion_msgs/environment/path.dsv
-- Up-to-date: /home/nemo/Documents/ROS/Nautilus_concours_rasp/install/conversion_msgs/share/conversion_msgs/local_setup.bash
-- Up-to-date: /home/nemo/Documents/ROS/Nautilus_concours_rasp/install/conversion_msgs/share/conversion_msgs/local_setup.sh
-- Up-to-date: /home/nemo/Documents/ROS/Nautilus_concours_rasp/install/conversion_msgs/share/conversion_msgs/local_setup.zsh
-- Up-to-date: /home/nemo/Documents/ROS/Nautilus_concours_rasp/install/conversion_msgs/share/conversion_msgs/local_setup.dsv
-- Installing: /home/nemo/Documents/ROS/Nautilus_concours_rasp/install/conversion_msgs/share/conversion_msgs/package.dsv
-- Up-to-date: /home/nemo/Documents/ROS/Nautilus_concours_rasp/install/conversion_msgs/share/ament_index/resource_index/packages/conversion_msgs
-- Up-to-date: /home/nemo/Documents/ROS/Nautilus_concours_rasp/install/conversion_msgs/share/conversion_msgs/cmake/conversion_msgsConfig.cmake
-- Up-to-date: /home/nemo/Documents/ROS/Nautilus_concours_rasp/install/conversion_msgs/share/conversion_msgs/cmake/conversion_msgsConfig-version.cmake
-- Up-to-date: /home/nemo/Documents/ROS/Nautilus_concours_rasp/install/conversion_msgs/share/conversion_msgs/package.xml
