[0.343s] Invoking command in '/home/nemo/Documents/ROS/Nautilus_concours_rasp/build/conversion_msgs': CMAKE_PREFIX_PATH=${CMAKE_PREFIX_PATH}:/home/nemo/Documents/ROS/Nautilus_concours_rasp/install/sub_teleop:/home/nemo/Documents/ROS/Nautilus_concours_rasp/install/sub_sonar:/home/nemo/Documents/ROS/Nautilus_concours_rasp/install/sub_map:/home/nemo/Documents/ROS/Nautilus_concours_rasp/install/sub_interface_arduino_py:/home/nemo/Documents/ROS/Nautilus_concours_rasp/install/sub_etat_py:/home/nemo/Documents/ROS/Nautilus_concours_rasp/install/sub_ekf:/home/nemo/Documents/ROS/Nautilus_concours_rasp/install/sub_affichage:/opt/ros/humble /usr/bin/cmake --build /home/nemo/Documents/ROS/Nautilus_concours_rasp/build/conversion_msgs -- -j4 -l4
[2.064s] Invoked command in '/home/nemo/Documents/ROS/Nautilus_concours_rasp/build/conversion_msgs' returned '0': CMAKE_PREFIX_PATH=${CMAKE_PREFIX_PATH}:/home/nemo/Documents/ROS/Nautilus_concours_rasp/install/sub_teleop:/home/nemo/Documents/ROS/Nautilus_concours_rasp/install/sub_sonar:/home/nemo/Documents/ROS/Nautilus_concours_rasp/install/sub_map:/home/nemo/Documents/ROS/Nautilus_concours_rasp/install/sub_interface_arduino_py:/home/nemo/Documents/ROS/Nautilus_concours_rasp/install/sub_etat_py:/home/nemo/Documents/ROS/Nautilus_concours_rasp/install/sub_ekf:/home/nemo/Documents/ROS/Nautilus_concours_rasp/install/sub_affichage:/opt/ros/humble /usr/bin/cmake --build /home/nemo/Documents/ROS/Nautilus_concours_rasp/build/conversion_msgs -- -j4 -l4
[3.842s] Invoking command in '/home/nemo/Documents/ROS/Nautilus_concours_rasp/build/conversion_msgs': CMAKE_PREFIX_PATH=${CMAKE_PREFIX_PATH}:/home/nemo/Documents/ROS/Nautilus_concours_rasp/install/sub_teleop:/home/nemo/Documents/ROS/Nautilus_concours_rasp/install/sub_sonar:/home/nemo/Documents/ROS/Nautilus_concours_rasp/install/sub_map:/home/nemo/Documents/ROS/Nautilus_concours_rasp/install/sub_interface_arduino_py:/home/nemo/Documents/ROS/Nautilus_concours_rasp/install/sub_etat_py:/home/nemo/Documents/ROS/Nautilus_concours_rasp/install/sub_ekf:/home/nemo/Documents/ROS/Nautilus_concours_rasp/install/sub_affichage:/opt/ros/humble /usr/bin/cmake --install /home/nemo/Documents/ROS/Nautilus_concours_rasp/build/conversion_msgs
[3.926s] -- Install configuration: ""
[3.927s] -- Up-to-date: /home/nemo/Documents/ROS/Nautilus_concours_rasp/install/conversion_msgs/share/conversion_msgs//launch
[3.929s] -- Up-to-date: /home/nemo/Documents/ROS/Nautilus_concours_rasp/install/conversion_msgs/share/conversion_msgs//launch/sub_general_launch_reel_automatic1.py
[3.930s] -- Up-to-date: /home/nemo/Documents/ROS/Nautilus_concours_rasp/install/conversion_msgs/share/conversion_msgs//launch/sub_general_launch_reel.py
[3.930s] -- Installing: /home/nemo/Documents/ROS/Nautilus_concours_rasp/install/conversion_msgs/share/conversion_msgs//launch/Sonar_2023_07_21_12_16_06.bin
[3.938s] -- Up-to-date: /home/nemo/Documents/ROS/Nautilus_concours_rasp/install/conversion_msgs/share/conversion_msgs//launch/sub_general_launch_reel_auto5.py
[3.939s] -- Installing: /home/nemo/Documents/ROS/Nautilus_concours_rasp/install/conversion_msgs/share/conversion_msgs//launch/Sonar_2023_07_21_12_18_58.bin
[3.941s] -- Up-to-date: /home/nemo/Documents/ROS/Nautilus_concours_rasp/install/conversion_msgs/share/conversion_msgs//launch/__pycache__
[3.942s] -- Up-to-date: /home/nemo/Documents/ROS/Nautilus_concours_rasp/install/conversion_msgs/share/conversion_msgs//launch/__pycache__/sub_general_launch_sim.cpython-310.pyc
[3.943s] -- Up-to-date: /home/nemo/Documents/ROS/Nautilus_concours_rasp/install/conversion_msgs/share/conversion_msgs//launch/__pycache__/sub_general_launch_reel_auto5.cpython-310.pyc
[3.944s] -- Up-to-date: /home/nemo/Documents/ROS/Nautilus_concours_rasp/install/conversion_msgs/share/conversion_msgs//launch/__pycache__/sub_general_launch.cpython-310.pyc
[3.947s] -- Up-to-date: /home/nemo/Documents/ROS/Nautilus_concours_rasp/install/conversion_msgs/share/conversion_msgs//launch/__pycache__/sub_general_launch_2.cpython-310.pyc
[3.948s] -- Up-to-date: /home/nemo/Documents/ROS/Nautilus_concours_rasp/install/conversion_msgs/share/conversion_msgs//launch/__pycache__/sub_general_launch_reel.cpython-310.pyc
[3.949s] -- Up-to-date: /home/nemo/Documents/ROS/Nautilus_concours_rasp/install/conversion_msgs/share/conversion_msgs//launch/__pycache__/sub_general_launch_reel_auto3.cpython-310.pyc
[3.950s] -- Up-to-date: /home/nemo/Documents/ROS/Nautilus_concours_rasp/install/conversion_msgs/share/conversion_msgs//launch/__pycache__/sub_general_launch_reel_automatic1.cpython-310.pyc
[3.950s] -- Up-to-date: /home/nemo/Documents/ROS/Nautilus_concours_rasp/install/conversion_msgs/share/conversion_msgs//launch/sub_general_launch_reel_auto3.py
[3.951s] -- Installing: /home/nemo/Documents/ROS/Nautilus_concours_rasp/install/conversion_msgs/share/conversion_msgs//launch/Sonar_2023_07_21_12_29_24.bin
[3.953s] -- Up-to-date: /home/nemo/Documents/ROS/Nautilus_concours_rasp/install/conversion_msgs/share/conversion_msgs//launch/sub_general_launch_reel_auto4 copy.py
[3.954s] -- Up-to-date: /home/nemo/Documents/ROS/Nautilus_concours_rasp/install/conversion_msgs/share/conversion_msgs//launch/sub_bridge_launch.py
[3.955s] -- Installing: /home/nemo/Documents/ROS/Nautilus_concours_rasp/install/conversion_msgs/share/conversion_msgs//launch/Sonar_2023_07_21_12_22_01.bin
[3.956s] -- Up-to-date: /home/nemo/Documents/ROS/Nautilus_concours_rasp/install/conversion_msgs/share/conversion_msgs//launch/sub_general_launch_sim.py
[3.956s] -- Up-to-date: /home/nemo/Documents/ROS/Nautilus_concours_rasp/install/conversion_msgs/share/conversion_msgs//launch/sub_general_launch_reel_auto2.py
[3.960s] -- Up-to-date: /home/nemo/Documents/ROS/Nautilus_concours_rasp/install/conversion_msgs/share/ament_index/resource_index/package_run_dependencies/conversion_msgs
[3.962s] -- Up-to-date: /home/nemo/Documents/ROS/Nautilus_concours_rasp/install/conversion_msgs/share/ament_index/resource_index/parent_prefix_path/conversion_msgs
[3.966s] -- Up-to-date: /home/nemo/Documents/ROS/Nautilus_concours_rasp/install/conversion_msgs/share/conversion_msgs/environment/ament_prefix_path.sh
[3.966s] -- Up-to-date: /home/nemo/Documents/ROS/Nautilus_concours_rasp/install/conversion_msgs/share/conversion_msgs/environment/ament_prefix_path.dsv
[3.971s] -- Up-to-date: /home/nemo/Documents/ROS/Nautilus_concours_rasp/install/conversion_msgs/share/conversion_msgs/environment/path.sh
[3.972s] -- Up-to-date: /home/nemo/Documents/ROS/Nautilus_concours_rasp/install/conversion_msgs/share/conversion_msgs/environment/path.dsv
[3.972s] -- Up-to-date: /home/nemo/Documents/ROS/Nautilus_concours_rasp/install/conversion_msgs/share/conversion_msgs/local_setup.bash
[3.973s] -- Up-to-date: /home/nemo/Documents/ROS/Nautilus_concours_rasp/install/conversion_msgs/share/conversion_msgs/local_setup.sh
[3.974s] -- Up-to-date: /home/nemo/Documents/ROS/Nautilus_concours_rasp/install/conversion_msgs/share/conversion_msgs/local_setup.zsh
[3.974s] -- Up-to-date: /home/nemo/Documents/ROS/Nautilus_concours_rasp/install/conversion_msgs/share/conversion_msgs/local_setup.dsv
[3.975s] -- Installing: /home/nemo/Documents/ROS/Nautilus_concours_rasp/install/conversion_msgs/share/conversion_msgs/package.dsv
[3.982s] -- Up-to-date: /home/nemo/Documents/ROS/Nautilus_concours_rasp/install/conversion_msgs/share/ament_index/resource_index/packages/conversion_msgs
[3.983s] -- Up-to-date: /home/nemo/Documents/ROS/Nautilus_concours_rasp/install/conversion_msgs/share/conversion_msgs/cmake/conversion_msgsConfig.cmake
[3.995s] -- Up-to-date: /home/nemo/Documents/ROS/Nautilus_concours_rasp/install/conversion_msgs/share/conversion_msgs/cmake/conversion_msgsConfig-version.cmake
[4.044s] -- Up-to-date: /home/nemo/Documents/ROS/Nautilus_concours_rasp/install/conversion_msgs/share/conversion_msgs/package.xml
[4.045s] Invoked command in '/home/nemo/Documents/ROS/Nautilus_concours_rasp/build/conversion_msgs' returned '0': CMAKE_PREFIX_PATH=${CMAKE_PREFIX_PATH}:/home/nemo/Documents/ROS/Nautilus_concours_rasp/install/sub_teleop:/home/nemo/Documents/ROS/Nautilus_concours_rasp/install/sub_sonar:/home/nemo/Documents/ROS/Nautilus_concours_rasp/install/sub_map:/home/nemo/Documents/ROS/Nautilus_concours_rasp/install/sub_interface_arduino_py:/home/nemo/Documents/ROS/Nautilus_concours_rasp/install/sub_etat_py:/home/nemo/Documents/ROS/Nautilus_concours_rasp/install/sub_ekf:/home/nemo/Documents/ROS/Nautilus_concours_rasp/install/sub_affichage:/opt/ros/humble /usr/bin/cmake --install /home/nemo/Documents/ROS/Nautilus_concours_rasp/build/conversion_msgs
