-- The C compiler identification is GNU 11.3.0
-- The CXX compiler identification is GNU 11.3.0
-- Detecting C compiler ABI info
-- Detecting C compiler ABI info - done
-- Check for working C compiler: /usr/bin/cc - skipped
-- Detecting C compile features
-- Detecting C compile features - done
-- Detecting CXX compiler ABI info
-- Detecting CXX compiler ABI info - done
-- Check for working CXX compiler: /usr/bin/c++ - skipped
-- Detecting CXX compile features
-- Detecting CXX compile features - done
-- Found ament_cmake: 1.3.5 (/opt/ros/humble/share/ament_cmake/cmake)
-- Found Python3: /usr/bin/python3.10 (found version "3.10.6") found components: Interpreter 
-- Found ament_lint_auto: 0.12.6 (/opt/ros/humble/share/ament_lint_auto/cmake)
-- Added test 'flake8' to check Python code syntax and style conventions
-- Added test 'lint_cmake' to check CMake code style
-- Added test 'pep257' to check Python code against some of the docstring style conventions in PEP 257
-- Added test 'xmllint' to check XML markup files
-- Configuring done
-- Generating done
-- Build files have been written to: /home/nemo/Documents/ROS/Nautilus_concours_rasp/build/conversion_msgs
-- Install configuration: ""
-- Installing: /home/nemo/Documents/ROS/Nautilus_concours_rasp/install/conversion_msgs/share/conversion_msgs//launch
-- Installing: /home/nemo/Documents/ROS/Nautilus_concours_rasp/install/conversion_msgs/share/conversion_msgs//launch/sub_general_launch_reel_automatic1.py
-- Installing: /home/nemo/Documents/ROS/Nautilus_concours_rasp/install/conversion_msgs/share/conversion_msgs//launch/sub_general_launch_reel.py
-- Installing: /home/nemo/Documents/ROS/Nautilus_concours_rasp/install/conversion_msgs/share/conversion_msgs//launch/sub_general_launch_reel_auto5.py
-- Installing: /home/nemo/Documents/ROS/Nautilus_concours_rasp/install/conversion_msgs/share/conversion_msgs//launch/__pycache__
-- Installing: /home/nemo/Documents/ROS/Nautilus_concours_rasp/install/conversion_msgs/share/conversion_msgs//launch/__pycache__/sub_general_launch_sim.cpython-310.pyc
-- Installing: /home/nemo/Documents/ROS/Nautilus_concours_rasp/install/conversion_msgs/share/conversion_msgs//launch/__pycache__/sub_general_launch_reel_auto5.cpython-310.pyc
-- Installing: /home/nemo/Documents/ROS/Nautilus_concours_rasp/install/conversion_msgs/share/conversion_msgs//launch/__pycache__/sub_general_launch.cpython-310.pyc
-- Installing: /home/nemo/Documents/ROS/Nautilus_concours_rasp/install/conversion_msgs/share/conversion_msgs//launch/__pycache__/sub_general_launch_2.cpython-310.pyc
-- Installing: /home/nemo/Documents/ROS/Nautilus_concours_rasp/install/conversion_msgs/share/conversion_msgs//launch/__pycache__/sub_general_launch_reel.cpython-310.pyc
-- Installing: /home/nemo/Documents/ROS/Nautilus_concours_rasp/install/conversion_msgs/share/conversion_msgs//launch/__pycache__/sub_general_launch_reel_auto3.cpython-310.pyc
-- Installing: /home/nemo/Documents/ROS/Nautilus_concours_rasp/install/conversion_msgs/share/conversion_msgs//launch/__pycache__/sub_general_launch_reel_automatic1.cpython-310.pyc
-- Installing: /home/nemo/Documents/ROS/Nautilus_concours_rasp/install/conversion_msgs/share/conversion_msgs//launch/sub_general_launch_reel_auto3.py
-- Installing: /home/nemo/Documents/ROS/Nautilus_concours_rasp/install/conversion_msgs/share/conversion_msgs//launch/sub_general_launch_reel_auto4 copy.py
-- Installing: /home/nemo/Documents/ROS/Nautilus_concours_rasp/install/conversion_msgs/share/conversion_msgs//launch/sub_bridge_launch.py
-- Installing: /home/nemo/Documents/ROS/Nautilus_concours_rasp/install/conversion_msgs/share/conversion_msgs//launch/sub_general_launch_sim.py
-- Installing: /home/nemo/Documents/ROS/Nautilus_concours_rasp/install/conversion_msgs/share/conversion_msgs//launch/sub_general_launch_reel_auto2.py
-- Installing: /home/nemo/Documents/ROS/Nautilus_concours_rasp/install/conversion_msgs/share/ament_index/resource_index/package_run_dependencies/conversion_msgs
-- Installing: /home/nemo/Documents/ROS/Nautilus_concours_rasp/install/conversion_msgs/share/ament_index/resource_index/parent_prefix_path/conversion_msgs
-- Installing: /home/nemo/Documents/ROS/Nautilus_concours_rasp/install/conversion_msgs/share/conversion_msgs/environment/ament_prefix_path.sh
-- Installing: /home/nemo/Documents/ROS/Nautilus_concours_rasp/install/conversion_msgs/share/conversion_msgs/environment/ament_prefix_path.dsv
-- Installing: /home/nemo/Documents/ROS/Nautilus_concours_rasp/install/conversion_msgs/share/conversion_msgs/environment/path.sh
-- Installing: /home/nemo/Documents/ROS/Nautilus_concours_rasp/install/conversion_msgs/share/conversion_msgs/environment/path.dsv
-- Installing: /home/nemo/Documents/ROS/Nautilus_concours_rasp/install/conversion_msgs/share/conversion_msgs/local_setup.bash
-- Installing: /home/nemo/Documents/ROS/Nautilus_concours_rasp/install/conversion_msgs/share/conversion_msgs/local_setup.sh
-- Installing: /home/nemo/Documents/ROS/Nautilus_concours_rasp/install/conversion_msgs/share/conversion_msgs/local_setup.zsh
-- Installing: /home/nemo/Documents/ROS/Nautilus_concours_rasp/install/conversion_msgs/share/conversion_msgs/local_setup.dsv
-- Installing: /home/nemo/Documents/ROS/Nautilus_concours_rasp/install/conversion_msgs/share/conversion_msgs/package.dsv
-- Installing: /home/nemo/Documents/ROS/Nautilus_concours_rasp/install/conversion_msgs/share/ament_index/resource_index/packages/conversion_msgs
-- Installing: /home/nemo/Documents/ROS/Nautilus_concours_rasp/install/conversion_msgs/share/conversion_msgs/cmake/conversion_msgsConfig.cmake
-- Installing: /home/nemo/Documents/ROS/Nautilus_concours_rasp/install/conversion_msgs/share/conversion_msgs/cmake/conversion_msgsConfig-version.cmake
-- Installing: /home/nemo/Documents/ROS/Nautilus_concours_rasp/install/conversion_msgs/share/conversion_msgs/package.xml
