[0.219s] Invoking command in '/home/nemo/Documents/ROS/Nautilus_concours_rasp/build/conversion_msgs': CMAKE_PREFIX_PATH=/opt/ros/humble /usr/bin/cmake /home/nemo/Documents/ROS/Nautilus_concours_rasp/src/conversion_msgs -DCMAKE_INSTALL_PREFIX=/home/nemo/Documents/ROS/Nautilus_concours_rasp/install/conversion_msgs
[1.766s] -- The C compiler identification is GNU 11.3.0
[2.690s] -- The CXX compiler identification is GNU 11.3.0
[2.744s] -- Detecting C compiler ABI info
[3.750s] -- Detecting C compiler ABI info - done
[3.785s] -- Check for working C compiler: /usr/bin/cc - skipped
[3.787s] -- Detecting C compile features
[3.803s] -- Detecting C compile features - done
[3.836s] -- Detecting CXX compiler ABI info
[4.507s] -- Detecting CXX compiler ABI info - done
[4.559s] -- Check for working CXX compiler: /usr/bin/c++ - skipped
[4.560s] -- Detecting CXX compile features
[4.560s] -- Detecting CXX compile features - done
[4.781s] -- Found ament_cmake: 1.3.5 (/opt/ros/humble/share/ament_cmake/cmake)
[7.104s] -- Found Python3: /usr/bin/python3.10 (found version "3.10.6") found components: Interpreter 
[9.881s] -- Found ament_lint_auto: 0.12.6 (/opt/ros/humble/share/ament_lint_auto/cmake)
[10.959s] -- Added test 'flake8' to check Python code syntax and style conventions
[10.968s] -- Added test 'lint_cmake' to check CMake code style
[10.998s] -- Added test 'pep257' to check Python code against some of the docstring style conventions in PEP 257
[11.128s] -- Added test 'xmllint' to check XML markup files
[11.138s] -- Configuring done
[11.222s] -- Generating done
[11.251s] -- Build files have been written to: /home/nemo/Documents/ROS/Nautilus_concours_rasp/build/conversion_msgs
[11.292s] Invoked command in '/home/nemo/Documents/ROS/Nautilus_concours_rasp/build/conversion_msgs' returned '0': CMAKE_PREFIX_PATH=/opt/ros/humble /usr/bin/cmake /home/nemo/Documents/ROS/Nautilus_concours_rasp/src/conversion_msgs -DCMAKE_INSTALL_PREFIX=/home/nemo/Documents/ROS/Nautilus_concours_rasp/install/conversion_msgs
[11.293s] Invoking command in '/home/nemo/Documents/ROS/Nautilus_concours_rasp/build/conversion_msgs': CMAKE_PREFIX_PATH=/opt/ros/humble /usr/bin/cmake --build /home/nemo/Documents/ROS/Nautilus_concours_rasp/build/conversion_msgs -- -j4 -l4
[11.738s] Invoked command in '/home/nemo/Documents/ROS/Nautilus_concours_rasp/build/conversion_msgs' returned '0': CMAKE_PREFIX_PATH=/opt/ros/humble /usr/bin/cmake --build /home/nemo/Documents/ROS/Nautilus_concours_rasp/build/conversion_msgs -- -j4 -l4
[12.283s] Invoking command in '/home/nemo/Documents/ROS/Nautilus_concours_rasp/build/conversion_msgs': CMAKE_PREFIX_PATH=/opt/ros/humble /usr/bin/cmake --install /home/nemo/Documents/ROS/Nautilus_concours_rasp/build/conversion_msgs
[12.457s] -- Install configuration: ""
[12.464s] -- Installing: /home/nemo/Documents/ROS/Nautilus_concours_rasp/install/conversion_msgs/share/conversion_msgs//launch
[12.481s] -- Installing: /home/nemo/Documents/ROS/Nautilus_concours_rasp/install/conversion_msgs/share/conversion_msgs//launch/sub_general_launch_reel_automatic1.py
[12.488s] -- Installing: /home/nemo/Documents/ROS/Nautilus_concours_rasp/install/conversion_msgs/share/conversion_msgs//launch/sub_general_launch_reel.py
[12.491s] -- Installing: /home/nemo/Documents/ROS/Nautilus_concours_rasp/install/conversion_msgs/share/conversion_msgs//launch/sub_general_launch_reel_auto5.py
[12.497s] -- Installing: /home/nemo/Documents/ROS/Nautilus_concours_rasp/install/conversion_msgs/share/conversion_msgs//launch/__pycache__
[12.500s] -- Installing: /home/nemo/Documents/ROS/Nautilus_concours_rasp/install/conversion_msgs/share/conversion_msgs//launch/__pycache__/sub_general_launch_sim.cpython-310.pyc
[12.508s] -- Installing: /home/nemo/Documents/ROS/Nautilus_concours_rasp/install/conversion_msgs/share/conversion_msgs//launch/__pycache__/sub_general_launch_reel_auto5.cpython-310.pyc
[12.521s] -- Installing: /home/nemo/Documents/ROS/Nautilus_concours_rasp/install/conversion_msgs/share/conversion_msgs//launch/__pycache__/sub_general_launch.cpython-310.pyc
[12.525s] -- Installing: /home/nemo/Documents/ROS/Nautilus_concours_rasp/install/conversion_msgs/share/conversion_msgs//launch/__pycache__/sub_general_launch_2.cpython-310.pyc
[12.534s] -- Installing: /home/nemo/Documents/ROS/Nautilus_concours_rasp/install/conversion_msgs/share/conversion_msgs//launch/__pycache__/sub_general_launch_reel.cpython-310.pyc
[12.543s] -- Installing: /home/nemo/Documents/ROS/Nautilus_concours_rasp/install/conversion_msgs/share/conversion_msgs//launch/__pycache__/sub_general_launch_reel_auto3.cpython-310.pyc
[12.552s] -- Installing: /home/nemo/Documents/ROS/Nautilus_concours_rasp/install/conversion_msgs/share/conversion_msgs//launch/__pycache__/sub_general_launch_reel_automatic1.cpython-310.pyc
[12.552s] -- Installing: /home/nemo/Documents/ROS/Nautilus_concours_rasp/install/conversion_msgs/share/conversion_msgs//launch/sub_general_launch_reel_auto3.py
[12.553s] -- Installing: /home/nemo/Documents/ROS/Nautilus_concours_rasp/install/conversion_msgs/share/conversion_msgs//launch/sub_general_launch_reel_auto4 copy.py
[12.558s] -- Installing: /home/nemo/Documents/ROS/Nautilus_concours_rasp/install/conversion_msgs/share/conversion_msgs//launch/sub_bridge_launch.py
[12.560s] -- Installing: /home/nemo/Documents/ROS/Nautilus_concours_rasp/install/conversion_msgs/share/conversion_msgs//launch/sub_general_launch_sim.py
[12.567s] -- Installing: /home/nemo/Documents/ROS/Nautilus_concours_rasp/install/conversion_msgs/share/conversion_msgs//launch/sub_general_launch_reel_auto2.py
[12.579s] -- Installing: /home/nemo/Documents/ROS/Nautilus_concours_rasp/install/conversion_msgs/share/ament_index/resource_index/package_run_dependencies/conversion_msgs
[12.585s] -- Installing: /home/nemo/Documents/ROS/Nautilus_concours_rasp/install/conversion_msgs/share/ament_index/resource_index/parent_prefix_path/conversion_msgs
[12.593s] -- Installing: /home/nemo/Documents/ROS/Nautilus_concours_rasp/install/conversion_msgs/share/conversion_msgs/environment/ament_prefix_path.sh
[12.601s] -- Installing: /home/nemo/Documents/ROS/Nautilus_concours_rasp/install/conversion_msgs/share/conversion_msgs/environment/ament_prefix_path.dsv
[12.616s] -- Installing: /home/nemo/Documents/ROS/Nautilus_concours_rasp/install/conversion_msgs/share/conversion_msgs/environment/path.sh
[12.624s] -- Installing: /home/nemo/Documents/ROS/Nautilus_concours_rasp/install/conversion_msgs/share/conversion_msgs/environment/path.dsv
[12.639s] -- Installing: /home/nemo/Documents/ROS/Nautilus_concours_rasp/install/conversion_msgs/share/conversion_msgs/local_setup.bash
[12.649s] -- Installing: /home/nemo/Documents/ROS/Nautilus_concours_rasp/install/conversion_msgs/share/conversion_msgs/local_setup.sh
[12.667s] -- Installing: /home/nemo/Documents/ROS/Nautilus_concours_rasp/install/conversion_msgs/share/conversion_msgs/local_setup.zsh
[12.671s] -- Installing: /home/nemo/Documents/ROS/Nautilus_concours_rasp/install/conversion_msgs/share/conversion_msgs/local_setup.dsv
[12.679s] -- Installing: /home/nemo/Documents/ROS/Nautilus_concours_rasp/install/conversion_msgs/share/conversion_msgs/package.dsv
[12.692s] -- Installing: /home/nemo/Documents/ROS/Nautilus_concours_rasp/install/conversion_msgs/share/ament_index/resource_index/packages/conversion_msgs
[12.703s] -- Installing: /home/nemo/Documents/ROS/Nautilus_concours_rasp/install/conversion_msgs/share/conversion_msgs/cmake/conversion_msgsConfig.cmake
[12.716s] -- Installing: /home/nemo/Documents/ROS/Nautilus_concours_rasp/install/conversion_msgs/share/conversion_msgs/cmake/conversion_msgsConfig-version.cmake
[12.718s] -- Installing: /home/nemo/Documents/ROS/Nautilus_concours_rasp/install/conversion_msgs/share/conversion_msgs/package.xml
[12.747s] Invoked command in '/home/nemo/Documents/ROS/Nautilus_concours_rasp/build/conversion_msgs' returned '0': CMAKE_PREFIX_PATH=/opt/ros/humble /usr/bin/cmake --install /home/nemo/Documents/ROS/Nautilus_concours_rasp/build/conversion_msgs
